"_locale"
"account_locale"
"add_to_chrome"
"add_to_firefox"
"app_first_used"
"automatic_reminders"
"background"
"behavior_star_tasks_to_top"
"chrome_app_rating_later"
"chrome_rating_later"
"confirm_delete_entity"
"date_format"
"enable_natural_date_recognition"
"id"
"language"
"last_open_app_date"
"migrated_wunderlist_one_user"
"new_installation"
"new_task_location"
"newsletter_subscription_enabled"
"notifications_desktop_enabled"
"notifications_email_enabled"
"notifications_push_enabled"
"onboarding_add_todo"
"onboarding_click_create_list"
"onboarding_click_share_list"
"print_completed_items"
"pro_trial_limit_assigning"
"pro_trial_limit_comments"
"pro_trial_limit_files"
"shortcut_add_new_list"
"shortcut_add_new_task"
"shortcut_copy_tasks"
"shortcut_delete"
"shortcut_goto_filter_all"
"shortcut_goto_filter_assigned"
"shortcut_goto_filter_completed"
"shortcut_goto_filter_starred"
"shortcut_goto_filter_today"
"shortcut_goto_filter_week"
"shortcut_goto_inbox"
"shortcut_goto_preferences"
"shortcut_goto_search"
"shortcut_mark_task_done"
"shortcut_mark_task_starred"
"shortcut_paste_tasks"
"shortcut_select_all_tasks"
"shortcut_send_via_email"
"shortcut_show_notifications"
"shortcut_sync"
"show_completed_items"
"show_subtask_progress"
"significant_event_count"
"smartlist_visibility_all"
"smartlist_visibility_assigned_to_me"
"smartlist_visibility_done"
"smartlist_visibility_starred"
"smartlist_visibility_today"
"smartlist_visibility_week"
"sound_checkoff_enabled"
"sound_notification_enabled"
"start_of_week"
"time_format"
"today_smart_list_visible_tasks"
"type"